<?xml version="1.0" encoding="utf-8"?><testsuites><testsuite name="pytest" errors="0" failures="0" skipped="0" tests="7" time="7.904" timestamp="2025-06-18T14:05:19.942986+02:00" hostname="DESKTOP-Tsuna"><testcase classname="src.test.test_playwright" name="test_has_title[chromium]" time="1.203" /><testcase classname="src.test.test_playwright" name="test_get_navbar[chromium]" time="0.543" /><testcase classname="src.test.test_playwright" name="test_search_bar[chromium]" time="2.403" /><testcase classname="src.test.test_playwright" name="test_register_user[chromium]" time="1.413" /><testcase classname="src.test.test_playwright" name="test_login[chromium]" time="0.792" /><testcase classname="src.test.test_playwright" name="test_deck_page_and_logout[chromium]" time="0.763" /><testcase classname="src.test.test_playwright" name="test_get_pokemon[chromium]" time="0.688" /></testsuite></testsuites>